<?xml version="1.0" encoding="UTF-8"?>
<!-- Generated by org.testng.reporters.JUnitXMLReporter -->
<testsuite ignored="0" hostname="Saurabhchoudhari" failures="0" tests="3" name="Default test" time="1.111" errors="0" timestamp="2024-01-19T17:00:36 IST">
  <testcase classname="DataDriven.ExcelDataProvider.DataProvide" name="testCaseData" time="0.01"/>
  <testcase classname="DataDriven.ExcelDataProvider.DataProvide" name="testCaseData" time="0.001"/>
  <testcase classname="DataDriven.ExcelDataProvider.DataProvide" name="testCaseData" time="0.001"/>
</testsuite> <!-- Default test -->
